<?xml version="1.0" encoding="UTF-8"?>
<!-- Generated by org.testng.reporters.JUnitXMLReporter -->
<testsuite ignored="2" hostname="LAPTOP-O8GG5075" failures="0" tests="1" name="Home Loan" time="0.003" errors="0" timestamp="2022-11-18T10:23:42 IST">
  <testcase classname="com.testng.group.Home_loan" name="MobileLoginHomeLoan" time="0.0"/>
  <testcase classname="com.testng.group.Home_loan" name="WebLoginHomeLoan" time="0.0">
    <ignored/>
  </testcase> <!-- WebLoginHomeLoan -->
  <testcase classname="com.testng.group.Home_loan" name="APILoginHomeLoan" time="0.0">
    <ignored/>
  </testcase> <!-- APILoginHomeLoan -->
</testsuite> <!-- Home Loan -->
