<?xml version="1.0" encoding="UTF-8"?>
<testng-results ignored="0" total="2" passed="2" failed="0" skipped="0">
  <reporter-output>
  </reporter-output>
  <suite started-at="2022-11-22T11:57:37 IST" name="Default suite" finished-at="2022-11-22T11:57:37 IST" duration-ms="49">
    <groups>
    </groups>
    <test started-at="2022-11-22T11:57:37 IST" name="Default test" finished-at="2022-11-22T11:57:37 IST" duration-ms="49">
      <class name="com.qa.testng.Data$DataProviders">
        <test-method signature="myTest(java.lang.String)[pri:0, instance:com.qa.testng.Data$DataProviders@16a0ee18]" started-at="2022-11-22T11:57:37 IST" name="myTest" data-provider="data-provider" finished-at="2022-11-22T11:57:37 IST" duration-ms="6" status="PASS">
          <params>
            <param index="0">
              <value>
                <![CDATA[First-Value]]>
              </value>
            </param>
          </params>
          <reporter-output>
          </reporter-output>
        </test-method> <!-- myTest -->
        <test-method signature="myTest(java.lang.String)[pri:0, instance:com.qa.testng.Data$DataProviders@16a0ee18]" started-at="2022-11-22T11:57:37 IST" name="myTest" data-provider="data-provider" finished-at="2022-11-22T11:57:37 IST" duration-ms="1" status="PASS">
          <params>
            <param index="0">
              <value>
                <![CDATA[Second-Value]]>
              </value>
            </param>
          </params>
          <reporter-output>
          </reporter-output>
        </test-method> <!-- myTest -->
      </class> <!-- com.qa.testng.Data$DataProviders -->
    </test> <!-- Default test -->
  </suite> <!-- Default suite -->
</testng-results>
